
=== Mon Mar  2 12:03:09 2020

Packages were changed.
Update Mode: updateDependencies

The following packages were added:
  com.unity.collab-proxy@1.2.15
The following packages were updated:
  com.unity.analytics from version 2.0.16 to 3.2.2
  com.unity.package-manager-ui from version 1.9.11 to 2.0.8
  com.unity.render-pipelines.lightweight from version 1.1.4-preview to 4.1.0-preview
  com.unity.textmeshpro from version 1.2.4 to 1.4.1

=== Mon Mar  2 12:16:34 2020

Packages were changed.
Update Mode: updateDependencies

The following packages were updated:
  com.unity.analytics from version 3.2.2 to 3.2.3

=== Thu Sep  2 22:11:06 2021

Packages were changed.
Update Mode: updateDependencies

The following packages were updated:
  com.unity.package-manager-ui from version 2.0.8 to 2.0.13
  com.unity.purchasing from version 2.0.3 to 2.2.1
